SymtpoMasterAndroid-master/app/build/outputs/logs/manifest-merger-debug-report.txt
-- Merging decision tree log ---
manifest
ADDED from src/main/AndroidManifest.xml:2:1-81:12
	package
		ADDED from src/main/AndroidManifest.xml:3:5-42
		INJECTED from src/main/AndroidManifest.xml
		INJECTED from src/main/AndroidManifest.xml
	android:versionName
		ADDED from src/main/AndroidManifest.xml:5:5-30
	android:versionCode
		ADDED from src/main/AndroidManifest.xml:4:5-28
		INJECTED from src/main/AndroidManifest.xml
		INJECTED from src/main/AndroidManifest.xml
	xmlns:android
		ADDED from src/main/AndroidManifest.xml:2:11-69
uses-sdk
ADDED from src/main/AndroidManifest.xml:7:5-9:41
	android:targetSdkVersion
		ADDED from src/main/AndroidManifest.xml:9:9-38
		INJECTED from src/main/AndroidManifest.xml
		INJECTED from src/main/AndroidManifest.xml
	android:minSdkVersion
		ADDED from src/main/AndroidManifest.xml:8:9-35
		INJECTED from src/main/AndroidManifest.xml
		INJECTED from src/main/AndroidManifest.xml
uses-permission#android.permission.ACCESS_FINE_LOCATION
ADDED from src/main/AndroidManifest.xml:11:5-79
	android:name
		ADDED from src/main/AndroidManifest.xml:11:22-76
uses-permission#android.permission.CALL_PHONE
ADDED from src/main/AndroidManifest.xml:12:5-69
	android:name
		ADDED from src/main/AndroidManifest.xml:12:22-66
application
ADDED from src/main/AndroidManifest.xml:14:5-79:19
	android:label
		ADDED from src/main/AndroidManifest.xml:17:9-41
	android:allowBackup
		ADDED from src/main/AndroidManifest.xml:15:9-35
	android:icon
		ADDED from src/main/AndroidManifest.xml:16:9-45
	android:theme
		ADDED from src/main/AndroidManifest.xml:18:9-40
activity#com.example.symptomschecker.Welcome
ADDED from src/main/AndroidManifest.xml:19:9-28:20
	android:label
		ADDED from src/main/AndroidManifest.xml:22:13-45
	android:windowSoftInputMode
		ADDED from src/main/AndroidManifest.xml:21:13-54
	android:name
		ADDED from src/main/AndroidManifest.xml:20:13-63
intent-filter#android.intent.action.MAIN+android.intent.category.LAUNCHER
ADDED from src/main/AndroidManifest.xml:23:13-27:29
action#android.intent.action.MAIN
ADDED from src/main/AndroidManifest.xml:24:17-69
	android:name
		ADDED from src/main/AndroidManifest.xml:24:25-66
category#android.intent.category.LAUNCHER
ADDED from src/main/AndroidManifest.xml:26:17-77
	android:name
		ADDED from src/main/AndroidManifest.xml:26:27-74
activity#com.example.symptomschecker.About
ADDED from src/main/AndroidManifest.xml:29:9-36:20
	android:label
		ADDED from src/main/AndroidManifest.xml:31:13-57
	android:parentActivityName
		ADDED from src/main/AndroidManifest.xml:32:13-77
	android:name
		ADDED from src/main/AndroidManifest.xml:30:13-61
meta-data#android.support.PARENT_ACTIVITY
ADDED from src/main/AndroidManifest.xml:33:13-35:71
	android:value
		ADDED from src/main/AndroidManifest.xml:35:17-68
	android:name
		ADDED from src/main/AndroidManifest.xml:34:17-63
activity#com.example.symptomschecker.SelectSymptom
ADDED from src/main/AndroidManifest.xml:37:9-40:20
	android:label
		ADDED from src/main/AndroidManifest.xml:39:13-66
	android:name
		ADDED from src/main/AndroidManifest.xml:38:13-69
activity#com.example.symptomschecker.Profile
ADDED from src/main/AndroidManifest.xml:41:9-44:20
	android:label
		ADDED from src/main/AndroidManifest.xml:43:13-59
	android:name
		ADDED from src/main/AndroidManifest.xml:42:13-63
activity#com.example.symptomschecker.ProfileEdit
ADDED from src/main/AndroidManifest.xml:45:9-52:20
	android:label
		ADDED from src/main/AndroidManifest.xml:47:13-64
	android:parentActivityName
		ADDED from src/main/AndroidManifest.xml:48:13-77
	android:name
		ADDED from src/main/AndroidManifest.xml:46:13-67
activity#com.example.symptomschecker.SymptomsHistory
ADDED from src/main/AndroidManifest.xml:53:9-56:20
	android:label
		ADDED from src/main/AndroidManifest.xml:55:13-68
	android:name
		ADDED from src/main/AndroidManifest.xml:54:13-71
activity#com.example.symptomschecker.SignUp
ADDED from src/main/AndroidManifest.xml:57:9-61:20
	android:label
		ADDED from src/main/AndroidManifest.xml:59:13-59
	android:parentActivityName
		ADDED from src/main/AndroidManifest.xml:60:13-77
	android:name
		ADDED from src/main/AndroidManifest.xml:58:13-62
activity#com.example.symptomschecker.Recommendations
ADDED from src/main/AndroidManifest.xml:62:9-65:20
	android:label
		ADDED from src/main/AndroidManifest.xml:64:13-67
	android:name
		ADDED from src/main/AndroidManifest.xml:63:13-71
activity#com.example.symptomschecker.Emergency
ADDED from src/main/AndroidManifest.xml:66:9-69:20
	android:label
		ADDED from src/main/AndroidManifest.xml:68:13-61
	android:name
		ADDED from src/main/AndroidManifest.xml:67:13-65
activity#com.example.symptomschecker.HeaderActivity
ADDED from src/main/AndroidManifest.xml:70:9-73:20
	android:label
		ADDED from src/main/AndroidManifest.xml:72:13-58
	android:name
		ADDED from src/main/AndroidManifest.xml:71:13-70
activity#com.example.symptomschecker.SymptomDrawer
ADDED from src/main/AndroidManifest.xml:74:9-78:20
	android:screenOrientation
		ADDED from src/main/AndroidManifest.xml:77:13-49
	android:label
		ADDED from src/main/AndroidManifest.xml:76:13-66
	android:name
		ADDED from src/main/AndroidManifest.xml:75:13-69